A51 MACRO ASSEMBLER  MAIN                                                                 06/30/2020 21:00:25 PAGE     1


MACRO ASSEMBLER A51 V8.2.7.0
OBJECT MODULE PLACED IN .\Objects\main.obj
ASSEMBLER INVOKED BY: C:\Keil_v5\C51\BIN\A51.EXE main.asm SET(SMALL) DEBUG PRINT(.\Listings\main.lst) OBJECT(.\Objects\m
                      ain.obj) EP

LOC  OBJ            LINE     SOURCE

  0080                 1     RS EQU P0.0
  0081                 2     RW EQU P0.1
  0082                 3     E  EQU P0.2
  0041                 4     SEL EQU 41H
  0090                 5     byteout EQU P1
0000                   6     ORG 000H 
0000 C2B0              7     CLR P3.0
0002 758921            8     MOV TMOD,#00100001B
0005 758DFD            9     MOV TH1,#253D
0008 759850           10     MOV SCON,#50H
000B D28E             11     SETB TR1
000D 120038           12     LCALL khtaolcd
0010 120097           13     LCALL A1_Line
0013 120191           14     LCALL LINE2 
0016 1200BA           15     LCALL A2_Line
                      16     
0019                  17     MAIN:
0019 120038           18             LCALL khtaolcd
001C 120097           19             LCALL A1_Line ;goi chtr con hien thi hang thu nhat
001F C2B0             20             CLR P3.0
0021 120191           21             LCALL LINE2
0024 1200BA           22             LCALL A2_Line ;goi chtr con hien thi hang thu hai
0027 11E3             23             ACALL DELAY1
0029 11E3             24             ACALL DELAY1
002B 11F7             25             ACALL READ_KEYPRESS
002D 3197             26             ACALL LINE1 
002F 1200A5           27             LCALL C1_Line 
0032 11E3             28             ACALL DELAY1
0034 31B6             29             ACALL CHECK_PASSWORD      
0036 80E1             30             SJMP MAIN    
                      31     ;----------------------------------------------------------------------------------
0038                  32     khtaolcd: 
0038 D282             33             setb e ;Enable
003A C280             34             clr rs ;RS low
003C C281             35             clr rw ;RW low
003E 7438             36             MOV a,#38h ;tu dieu khien LCD
0040 1200CF           37             LCALL KTAO
0043 120068           38             LCALL ddelay41 ;delay 4.1 mSec
0046 7438             39             MOV A,#38h ;function set
0048 1200CF           40             LCALL KTAO
004B 120071           41             LCALL ddelay100 ;delay
004E 7438             42             MOV A,#38h ;function
0050 1200CF           43             LCALL KTAO
0053 740C             44             MOV A,#0ch ;tu dieu khien display on
0055 1200CF           45             LCALL KTAO
0058 7401             46             MOV A,#01h ;tu dieu khien Clear display
005A 1200CF           47             LCALL KTAO
005D 7406             48             MOV A,#06h ;tu dieu khien entry mode set
005F 1200CF           49             LCALL KTAO
0062 7480             50             MOV A,#80h ;thiet lap dia chi LCD (set DD RAM)
0064 1200CF           51             LCALL KTAO
0067 22               52     RET
                      53     ;----------------------------------------------------------------------------------
                      54     ;chuong trinh con delay 4.1 ms
0068                  55     ddelay41: 
0068 7E90             56             mov r6,#90h
006A                  57     del412: 
A51 MACRO ASSEMBLER  MAIN                                                                 06/30/2020 21:00:25 PAGE     2

006A 7FC8             58             mov r7,#200
006C DFFE             59             djnz r7,$
006E DEFA             60             djnz r6,del412
0070 22               61     ret
                      62     ;----------------------------------------------------------------------------------
                      63     ;chuong trinh con delay 255 microgiay
0071                  64     ddelay100: 
0071 7F00             65             mov r7,#00
0073 DFFE             66             djnz r7,$
0075 22               67     ret
                      68     ;----------------------------------------------------------------------------------
                      69     ;Feed command/data to the LCD module
0076                  70     command_byte:
0076 C280             71             clr rs ;RS low for a command byte
0078 02007D           72             ljmp bdelay
007B                  73     data_byte: 
007B D280             74         setb rs ;RS high for a data byte
007D                  75     bdelay: 
007D C281             76             clr rw ;R/W low for a write mode
007F C282             77             clr e
0081 00               78             nop
0082 D282             79             setb e ;Enable pulse
0084 00               80             nop
0085 00               81             nop
0086 7590FF           82             mov byteout,#0ffh ;configure port1 to input mode
0089 D281             83             setb rw ;set RW to read
008B C280             84             clr rs ;set RS to command
008D C282             85             clr e ;generate enable pulse
008F 00               86             nop
0090 00               87             nop
0091 D282             88             setb e
0093 120071           89             lcall ddelay100
0096 22               90     ret
                      91     ;----------------------------------------------------------------------------------
                      92     ;Chuong trinh con hien thi noi dung hang thu 1 tren LCD
0097                  93     A1_Line: 
0097 9001EB           94             MOV DPTR,#A1
009A 1200D5           95             lcall Write
009D 22               96     ret
009E                  97     B1_Line: 
009E 90020A           98             MOV DPTR,#B1
00A1 1200D5           99             lcall Write
00A4 22              100     ret
00A5                 101     C1_Line:
00A5 900219          102             MOV DPTR,#C1
00A8 1200D5          103             lcall Write
00AB 22              104     ret
00AC                 105     D1_Line:
00AC 900228          106             MOV DPTR,#D1
00AF 1200D5          107             lcall Write
00B2 22              108     ret
00B3                 109     E1_Line:
00B3 900243          110             MOV DPTR,#E1
00B6 1200D5          111             lcall Write
00B9 22              112     ret
                     113     ;----------------------------------------------------------------------------------
                     114     ;Chuong trinh con hien thi noi dung hang thu 2 tren LCD
00BA                 115     A2_Line: 
00BA 9001FA          116             mov dptr,#A2
00BD 1200D5          117             lcall write
00C0 22              118     ret
00C1                 119     D2_Line:
00C1 900237          120             MOV DPTR,#D2
00C4 1200D5          121             lcall Write
00C7 22              122     ret
00C8                 123     E2_Line:
A51 MACRO ASSEMBLER  MAIN                                                                 06/30/2020 21:00:25 PAGE     3

00C8 900252          124             MOV DPTR,#E2
00CB 1200D5          125             lcall Write
00CE 22              126     ret
                     127     ;----------------------------------------------------------------------------------
                     128     ;chuong trinh con khoi tao LCD
00CF                 129     KTAO: 
00CF F590            130             mov byteout,a
00D1 120076          131             lcall command_byte
00D4 22              132     RET
                     133     ;----------------------------------------------------------------------------------
                     134     ;chtr con goi data hien thi ra LCD
00D5                 135     write: 
00D5 7400            136             MOV A,#0
00D7 93              137             MOVC A,@a+dptr
00D8 B49901          138             CJNE A,#99h,Writea
00DB 22              139     RET
00DC                 140     Writea: 
00DC F590            141             mov byteout,a
00DE 117B            142             acall data_byte
00E0 A3              143             inc dptr
00E1 80F2            144             SJMP Write
                     145     ;----------------------------------------------------------------------------------
00E3                 146     DELAY1:
00E3 7B2E            147             MOV R3,#46D
00E5                 148     BACK:  
00E5 758C00          149             MOV TH0,#00000000B   
00E8 758A00          150             MOV TL0,#00000000B   
00EB D28C            151             SETB TR0             
00ED                 152     HERE1: 
00ED 308DFD          153             JNB TF0,HERE1         
00F0 C28C            154             CLR TR0             
00F2 C28D            155             CLR TF0             
00F4 DBEF            156             DJNZ R3,BACK
00F6 22              157     RET
                     158     ;----------------------------------------------------------------------------------
00F7                 159     READ_KEYPRESS: 
00F7 120117          160             LCALL CLRSCR
00FA 120197          161             LCALL LINE1 
00FD 12009E          162             LCALL B1_Line
0100 120191          163             LCALL LINE2
0103 7805            164             MOV R0,#5D
0105 79A0            165             MOV R1,#160D
0107                 166     ROTATE:
0107 12011D          167             LCALL KEY_SCAN
010A F7              168             MOV @R1,A
010B F590            169             MOV byteout , A 
010D 12007B          170             LCALL data_byte
0110 1201A2          171             LCALL DELAY2
0113 09              172             INC R1
0114 D8F1            173             DJNZ R0,ROTATE
0116 22              174     RET
                     175     ;----------------------------------------------------------------------------------
0117                 176     CLRSCR:
0117 7401            177             MOV A,#01H
0119 1200CF          178             LCALL KTAO
011C 22              179     RET
                     180     ;----------------------------------------------------------------------------------
011D                 181     KEY_SCAN:
011D 75A0FF          182             MOV P2,#11111111B 
0120 C2A0            183             CLR P2.0 
0122 20A403          184             JB P2.4, NEXT1 
0125 7431            185             MOV A,#49D
0127 22              186     RET
0128                 187     NEXT1:
0128 20A503          188             JB P2.5,NEXT2
012B 7432            189             MOV A,#50D
A51 MACRO ASSEMBLER  MAIN                                                                 06/30/2020 21:00:25 PAGE     4

012D 22              190     RET
012E                 191     NEXT2: 
012E 20A603          192             JB P2.6,NEXT3
0131 7433            193             MOV A,#51D
0133 22              194     RET
0134                 195     NEXT3: 
0134 20A703          196             JB P2.7,NEXT4
0137 7441            197             MOV A,#65D
0139 22              198     RET
013A                 199     NEXT4:
013A D2A0            200             SETB P2.0
013C C2A1            201             CLR P2.1 
013E 20A403          202             JB P2.4, NEXT5 
0141 7434            203             MOV A,#52D
0143 22              204     RET
0144                 205     NEXT5:
0144 20A503          206             JB P2.5,NEXT6
0147 7435            207             MOV A,#53D
0149 22              208     RET
014A                 209     NEXT6: 
014A 20A603          210             JB P2.6,NEXT7
014D 7436            211             MOV A,#54D
014F 22              212     RET
0150                 213     NEXT7: 
0150 20A703          214             JB P2.7,NEXT8
0153 7442            215             MOV A,#66D
0155 22              216     RET
0156                 217     NEXT8:
0156 D2A1            218             SETB P2.1
0158 C2A2            219             CLR P2.2
015A 20A403          220             JB P2.4, NEXT9 
015D 7437            221             MOV A,#55D
015F 22              222     RET
0160                 223     NEXT9:
0160 20A503          224             JB P2.5,NEXT10
0163 7438            225             MOV A,#56D
0165 22              226     RET
0166                 227     NEXT10: 
0166 20A603          228             JB P2.6,NEXT11
0169 7439            229             MOV A,#57D
016B 22              230     RET
016C                 231     NEXT11: 
016C 20A703          232             JB P2.7,NEXT12
016F 7443            233             MOV A,#67D
0171 22              234     RET
0172                 235     NEXT12:
0172 D2A2            236             SETB P2.2
0174 C2A3            237             CLR P2.3
0176 20A403          238             JB P2.4, NEXT13 
0179 742A            239             MOV A,#42D
017B 22              240     RET
017C                 241     NEXT13:
017C 20A503          242             JB P2.5,NEXT14
017F 7430            243             MOV A,#48D
0181 22              244     RET
0182                 245     NEXT14: 
0182 20A603          246             JB P2.6,NEXT15
0185 7423            247             MOV A,#35D
0187 22              248     RET
0188                 249     NEXT15: 
0188 20A703          250             JB P2.7,NEXT16
018B 7444            251             MOV A,#68D
018D 22              252     RET
018E                 253     NEXT16:
018E 02011D          254             LJMP KEY_SCAN
                     255     ;----------------------------------------------------------------------------------
A51 MACRO ASSEMBLER  MAIN                                                                 06/30/2020 21:00:25 PAGE     5

0191                 256     LINE2:
0191 74C0            257             MOV A,#0C0H 
0193 1200CF          258             LCALL KTAO
0196 22              259     RET   
                     260     ;----------------------------------------------------------------------------------
0197                 261     LINE1: 
0197 7406            262             MOV A,#06h ;tu dieu khien entry mode set
0199 1200CF          263             LCALL KTAO
019C 7480            264             MOV A,#80H    
019E 1200CF          265             LCALL KTAO
01A1 22              266     RET
                     267     ;----------------------------------------------------------------------------------
01A2                 268     DELAY2: 
01A2 7BFA            269             MOV R3,#250D
01A4                 270     BACK2:   
01A4 758CFC          271             MOV TH0,#0FCH 
01A7 758A18          272             MOV TL0,#018H 
01AA D28C            273             SETB TR0 
01AC                 274     HERE2:  
01AC 308DFD          275             JNB TF0,HERE2 
01AF C28C            276             CLR TR0 
01B1 C28D            277             CLR TF0 
01B3 DBEF            278             DJNZ R3,BACK2
01B5 22              279     RET  
                     280     ;----------------------------------------------------------------------------------
01B6                 281     CHECK_PASSWORD:
01B6 7805            282             MOV R0,#5D
01B8 79A0            283             MOV R1,#160D
01BA 900260          284             MOV DPTR,#PASSW 
01BD                 285     RPT:
01BD E4              286             CLR A
01BE 93              287             MOVC A,@A+DPTR
01BF 67              288             XRL A,@R1
01C0 7018            289             JNZ FAIL
01C2 09              290             INC R1
01C3 A3              291             INC DPTR
01C4 D8F7            292             DJNZ R0,RPT
01C6 3117            293             ACALL CLRSCR
01C8 3197            294             ACALL LINE1
01CA 1200AC          295             LCALL D1_Line
01CD 3191            296             ACALL LINE2
01CF 11E3            297             ACALL DELAY1
01D1 D2A0            298             SETB P2.0
01D3 1200C1          299             LCALL D2_Line 
01D6 11E3            300             ACALL DELAY1
01D8 8010            301             SJMP GOBACK
01DA                 302     FAIL:
01DA 3117            303             ACALL CLRSCR 
01DC 3197            304             ACALL LINE1
01DE 1200B3          305             LCALL E1_Line 
01E1 11E3            306             ACALL DELAY1
01E3 3191            307             ACALL LINE2
01E5 1200C8          308             LCALL E2_Line
01E8 11E3            309             ACALL DELAY1
01EA                 310     GOBACK:
01EA 22              311             RET
                     312     ;---------------------------------------------------------------------------------- 
01EB 50415353        313     A1: DB 'PASSWORD BASED',099h
01EF 574F5244                
01F3 20424153                
01F7 454499                  
01FA 53454355        314     A2: DB 'SECURITY SYSTEM',099h
01FE 52495459                
0202 20535953                
0206 54454D99                
020A 494E5055        315     B1: DB "INPUT 5 DIGITS",099h
A51 MACRO ASSEMBLER  MAIN                                                                 06/30/2020 21:00:25 PAGE     6

020E 54203520                
0212 44494749                
0216 545399                  
0219 43484543        316     C1: DB "CHECK PASSWORD",099h
021D 4B205041                
0221 5353574F                
0225 524499                  
0228 41434345        317     D1: DB "ACCESS GRANTED",099h
022C 53532047                
0230 52414E54                
0234 454499                  
0237 444F4F52        318     D2: DB "DOOR OPENED",099h
023B 204F5045                
023F 4E454499                
0243 57524F4E        319     E1: DB "WRONG PASSWORD",099h
0247 47205041                
024B 5353574F                
024F 524499                  
0252 41434345        320     E2: DB "ACCESS DENIED",099h
0256 53532044                
025A 454E4945                
025E 4499                    
0260 31323334        321     PASSW: DB 49D,50D,51D,52D,53D,0
0264 3500                    
                     322     END
A51 MACRO ASSEMBLER  MAIN                                                                 06/30/2020 21:00:25 PAGE     7

SYMBOL TABLE LISTING
------ ----- -------


N A M E             T Y P E  V A L U E   ATTRIBUTES

A1 . . . . . . . .  C ADDR   01EBH   A   
A1_LINE. . . . . .  C ADDR   0097H   A   
A2 . . . . . . . .  C ADDR   01FAH   A   
A2_LINE. . . . . .  C ADDR   00BAH   A   
B1 . . . . . . . .  C ADDR   020AH   A   
B1_LINE. . . . . .  C ADDR   009EH   A   
BACK . . . . . . .  C ADDR   00E5H   A   
BACK2. . . . . . .  C ADDR   01A4H   A   
BDELAY . . . . . .  C ADDR   007DH   A   
BYTEOUT. . . . . .  D ADDR   0090H   A   
C1 . . . . . . . .  C ADDR   0219H   A   
C1_LINE. . . . . .  C ADDR   00A5H   A   
CHECK_PASSWORD . .  C ADDR   01B6H   A   
CLRSCR . . . . . .  C ADDR   0117H   A   
COMMAND_BYTE . . .  C ADDR   0076H   A   
D1 . . . . . . . .  C ADDR   0228H   A   
D1_LINE. . . . . .  C ADDR   00ACH   A   
D2 . . . . . . . .  C ADDR   0237H   A   
D2_LINE. . . . . .  C ADDR   00C1H   A   
DATA_BYTE. . . . .  C ADDR   007BH   A   
DDELAY100. . . . .  C ADDR   0071H   A   
DDELAY41 . . . . .  C ADDR   0068H   A   
DEL412 . . . . . .  C ADDR   006AH   A   
DELAY1 . . . . . .  C ADDR   00E3H   A   
DELAY2 . . . . . .  C ADDR   01A2H   A   
E. . . . . . . . .  B ADDR   0080H.2 A   
E1 . . . . . . . .  C ADDR   0243H   A   
E1_LINE. . . . . .  C ADDR   00B3H   A   
E2 . . . . . . . .  C ADDR   0252H   A   
E2_LINE. . . . . .  C ADDR   00C8H   A   
FAIL . . . . . . .  C ADDR   01DAH   A   
GOBACK . . . . . .  C ADDR   01EAH   A   
HERE1. . . . . . .  C ADDR   00EDH   A   
HERE2. . . . . . .  C ADDR   01ACH   A   
KEY_SCAN . . . . .  C ADDR   011DH   A   
KHTAOLCD . . . . .  C ADDR   0038H   A   
KTAO . . . . . . .  C ADDR   00CFH   A   
LINE1. . . . . . .  C ADDR   0197H   A   
LINE2. . . . . . .  C ADDR   0191H   A   
MAIN . . . . . . .  C ADDR   0019H   A   
NEXT1. . . . . . .  C ADDR   0128H   A   
NEXT10 . . . . . .  C ADDR   0166H   A   
NEXT11 . . . . . .  C ADDR   016CH   A   
NEXT12 . . . . . .  C ADDR   0172H   A   
NEXT13 . . . . . .  C ADDR   017CH   A   
NEXT14 . . . . . .  C ADDR   0182H   A   
NEXT15 . . . . . .  C ADDR   0188H   A   
NEXT16 . . . . . .  C ADDR   018EH   A   
NEXT2. . . . . . .  C ADDR   012EH   A   
NEXT3. . . . . . .  C ADDR   0134H   A   
NEXT4. . . . . . .  C ADDR   013AH   A   
NEXT5. . . . . . .  C ADDR   0144H   A   
NEXT6. . . . . . .  C ADDR   014AH   A   
NEXT7. . . . . . .  C ADDR   0150H   A   
NEXT8. . . . . . .  C ADDR   0156H   A   
NEXT9. . . . . . .  C ADDR   0160H   A   
P0 . . . . . . . .  D ADDR   0080H   A   
P1 . . . . . . . .  D ADDR   0090H   A   
P2 . . . . . . . .  D ADDR   00A0H   A   
P3 . . . . . . . .  D ADDR   00B0H   A   
A51 MACRO ASSEMBLER  MAIN                                                                 06/30/2020 21:00:25 PAGE     8

PASSW. . . . . . .  C ADDR   0260H   A   
READ_KEYPRESS. . .  C ADDR   00F7H   A   
ROTATE . . . . . .  C ADDR   0107H   A   
RPT. . . . . . . .  C ADDR   01BDH   A   
RS . . . . . . . .  B ADDR   0080H.0 A   
RW . . . . . . . .  B ADDR   0080H.1 A   
SCON . . . . . . .  D ADDR   0098H   A   
SEL. . . . . . . .  N NUMB   0041H   A   
TF0. . . . . . . .  B ADDR   0088H.5 A   
TH0. . . . . . . .  D ADDR   008CH   A   
TH1. . . . . . . .  D ADDR   008DH   A   
TL0. . . . . . . .  D ADDR   008AH   A   
TMOD . . . . . . .  D ADDR   0089H   A   
TR0. . . . . . . .  B ADDR   0088H.4 A   
TR1. . . . . . . .  B ADDR   0088H.6 A   
WRITE. . . . . . .  C ADDR   00D5H   A   
WRITEA . . . . . .  C ADDR   00DCH   A   


REGISTER BANK(S) USED: 0 


ASSEMBLY COMPLETE.  0 WARNING(S), 0 ERROR(S)
